<?xml version="1.0" encoding="utf-8"?><testsuites name="pytest tests"><testsuite name="pytest" errors="0" failures="0" skipped="0" tests="13" time="8.171" timestamp="2026-02-13T11:24:34.818455+00:00" hostname="agent-env-f268091e-1679-4a4d-9301-bdbc300316ce"><testcase classname="backend.tests.test_auth_trading.TestHealthCheck" name="test_health_endpoint" time="0.128" /><testcase classname="backend.tests.test_auth_trading.TestAuthentication" name="test_register_new_user" time="0.448" /><testcase classname="backend.tests.test_auth_trading.TestAuthentication" name="test_login_with_registered_user" time="0.877" /><testcase classname="backend.tests.test_auth_trading.TestAuthentication" name="test_login_invalid_credentials" time="0.099" /><testcase classname="backend.tests.test_auth_trading.TestAuthentication" name="test_register_duplicate_email" time="0.538" /><testcase classname="backend.tests.test_auth_trading.TestOnboardingFlow" name="test_new_user_onboarding_not_completed" time="0.496" /><testcase classname="backend.tests.test_auth_trading.TestOnboardingFlow" name="test_save_questionnaire_assistant" time="0.603" /><testcase classname="backend.tests.test_auth_trading.TestOnboardingFlow" name="test_complete_onboarding_flow" time="0.813" /><testcase classname="backend.tests.test_auth_trading.TestDashboardAccess" name="test_get_trade_stats" time="0.762" /><testcase classname="backend.tests.test_auth_trading.TestDashboardAccess" name="test_get_heatmap_data" time="0.995" /><testcase classname="backend.tests.test_auth_trading.TestDashboardAccess" name="test_get_duration_stats" time="1.444" /><testcase classname="backend.tests.test_auth_trading.TestDashboardAccess" name="test_protected_endpoint_without_token" time="0.140" /><testcase classname="backend.tests.test_auth_trading.TestSpecificUserCredentials" name="test_create_test_user_complete" time="0.757" /></testsuite></testsuites>